<?xml version="1.0" encoding="UTF-8"?>
<!-- Generated by org.testng.reporters.JUnitReportReporter -->
<testsuite hostname="DESKTOP-7AS8OBO" failures="0" tests="1" name="Datadriven_testing.Dataprovider_annotation" time="0.000" errors="0" timestamp="2022-07-13T15:29:43 GMT-07:00" skipped="1">
  <testcase classname="Datadriven_testing.Dataprovider_annotation" name="login" time="0.000">
    <skipped/>
  </testcase> <!-- login -->
  <system-out/>
</testsuite> <!-- Datadriven_testing.Dataprovider_annotation -->
