<?xml version="1.0" encoding="UTF-8"?>
<!-- Generated by org.testng.reporters.JUnitReportReporter -->
<testsuite hostname="DESKTOP-7AS8OBO" failures="0" tests="2" name="DCTCFeb.TestMavenFeb.Annotations_in_selenium" time="1.670" errors="0" timestamp="2022-07-03T12:49:17 GMT-07:00" skipped="0">
  <testcase classname="DCTCFeb.TestMavenFeb.Annotations_in_selenium" name="action" time="1.542"/>
  <system-out/>
  <testcase classname="DCTCFeb.TestMavenFeb.Annotations_in_selenium" name="verify_title" time="0.128"/>
  <system-out/>
</testsuite> <!-- DCTCFeb.TestMavenFeb.Annotations_in_selenium -->
