<?xml version="1.0" encoding="UTF-8"?>
<!-- Generated by org.testng.reporters.JUnitReportReporter -->
<testsuite hostname="DESKTOP-7AS8OBO" failures="0" tests="6" name="DCTCFeb.TestMavenFeb.BeforeMethod_annotation" time="387.862" errors="0" timestamp="2022-07-03T16:27:54 GMT-07:00" skipped="0">
  <testcase classname="DCTCFeb.TestMavenFeb.BeforeMethod_annotation" name="Test2" time="68.366"/>
  <system-out/>
  <testcase classname="DCTCFeb.TestMavenFeb.BeforeMethod_annotation" name="Test1" time="64.884"/>
  <system-out/>
  <testcase classname="DCTCFeb.TestMavenFeb.BeforeMethod_annotation" name="Test1" time="55.845"/>
  <system-out/>
  <testcase classname="DCTCFeb.TestMavenFeb.BeforeMethod_annotation" name="Test3" time="54.350"/>
  <system-out/>
  <testcase classname="DCTCFeb.TestMavenFeb.BeforeMethod_annotation" name="verify_title" time="82.660"/>
  <system-out/>
  <testcase classname="DCTCFeb.TestMavenFeb.BeforeMethod_annotation" name="action" time="61.757"/>
  <system-out/>
</testsuite> <!-- DCTCFeb.TestMavenFeb.BeforeMethod_annotation -->
