<?xml version="1.0" encoding="UTF-8"?>
<!-- Generated by org.testng.reporters.JUnitReportReporter -->
<testsuite hostname="DESKTOP-7AS8OBO" failures="0" tests="4" name="groups_intestNG.groups_in_testNG" time="0.051" errors="0" timestamp="2022-07-20T10:26:21 GMT-04:00" skipped="0">
  <testcase classname="groups_intestNG.groups_in_testNG" name="test1" time="0.013"/>
  <system-out/>
  <testcase classname="groups_intestNG.groups_in_testNG" name="test6" time="0.013"/>
  <system-out/>
  <testcase classname="groups_intestNG.groups_in_testNG" name="test2" time="0.013"/>
  <system-out/>
  <testcase classname="groups_intestNG.groups_in_testNG" name="test5" time="0.012"/>
  <system-out/>
</testsuite> <!-- groups_intestNG.groups_in_testNG -->
