<?xml version="1.0" encoding="UTF-8"?>
<!-- Generated by org.testng.reporters.JUnitReportReporter -->
<testsuite hostname="DESKTOP-7AS8OBO" failures="0" tests="1" name="screenshotinselenium.Screenshot" time="48.394" errors="0" timestamp="2022-07-08T11:52:27 GMT-07:00" skipped="0">
  <testcase classname="screenshotinselenium.Screenshot" name="setup_browser" time="48.394"/>
  <system-out/>
</testsuite> <!-- screenshotinselenium.Screenshot -->
