<?xml version="1.0" encoding="UTF-8"?>
<!-- Generated by org.testng.reporters.JUnitReportReporter -->
<testsuite hostname="DESKTOP-7AS8OBO" failures="0" tests="2" name="parallel_testing.Parallel_testing" time="71.887" errors="0" timestamp="2022-07-23T10:46:36 GMT-04:00" skipped="0">
  <testcase classname="parallel_testing.Parallel_testing" name="test2" time="36.840"/>
  <system-out/>
  <testcase classname="parallel_testing.Parallel_testing" name="test1" time="35.047"/>
  <system-out/>
</testsuite> <!-- parallel_testing.Parallel_testing -->
