<?xml version="1.0" encoding="UTF-8"?>
<!-- Generated by org.testng.reporters.JUnitReportReporter -->
<testsuite hostname="DESKTOP-7AS8OBO" failures="0" tests="4" name="DCTCFeb.TestMavenFeb.Hierarchy_of_annotations" time="0.027" errors="0" timestamp="2022-07-26T23:55:11 GMT-04:00" skipped="0">
  <testcase classname="DCTCFeb.TestMavenFeb.Hierarchy_of_annotations" name="Test2" time="0.012"/>
  <system-out/>
  <testcase classname="DCTCFeb.TestMavenFeb.Hierarchy_of_annotations" name="Test1" time="0.003"/>
  <system-out/>
  <testcase classname="DCTCFeb.TestMavenFeb.Hierarchy_of_annotations" name="Test1" time="0.006"/>
  <system-out/>
  <testcase classname="DCTCFeb.TestMavenFeb.Hierarchy_of_annotations" name="Test3" time="0.006"/>
  <system-out/>
</testsuite> <!-- DCTCFeb.TestMavenFeb.Hierarchy_of_annotations -->
